<?xml version="1.0" encoding="UTF-8"?>
<!-- Generated by org.testng.reporters.JUnitReportReporter -->
<testsuite skipped="0" hostname="Lenovo" name="com.Cognizant.TestClass.FurnitureTest" tests="1" failures="0" timestamp="2020-06-02T16:28:03 IST" time="95.551" errors="0">
  <testcase name="UrbanLadderTest" time="95.551" classname="com.Cognizant.TestClass.FurnitureTest"/>
  <system-out>
Product Name and price fetched from UI and saved in HashMap as:{2059714417=Boeberg Bookshelf, 5999=Hayden Display Shelf, 10399=Austen Bookshelf/Display Unit, 13599=Boeberg Bookshelf}
 Names and Prices are{15399=Ray Executive Study Chair
(Walnut Finish, Black), 4799=Kane Study Chair
(Black)}
  </system-out>
</testsuite> <!-- com.Cognizant.TestClass.FurnitureTest -->
